IQ-TREE multicore version 1.6.12 for Linux 64-bit built Aug 15 2019
Developed by Bui Quang Minh, Nguyen Lam Tung, Olga Chernomor,
Heiko Schmidt, Dominik Schrempf, Michael Woodhams.

Host:    flash-GF63-Thin-10SC (AVX2, FMA3, 7 GB RAM)
Command: /home/flash/Downloads/iqtree-1.6.12-Linux/bin/iqtree -s Output/example.phyP2P1P3 -m MFP -fast -mset JC69,F81,HKY,GTR -t Output/example.phy.tree -safe -seed 0 -pre Output/example.phyP2P1P3_AICc
Seed:    0 (Using SPRNG - Scalable Parallel Random Number Generator)
Time:    Fri Mar  8 11:42:22 2024
Kernel:  Safe AVX+FMA - 1 threads (12 CPU cores detected)

HINT: Use -nt option to specify number of threads because your CPU has 12 cores!
HINT: -nt AUTO will automatically determine the best number of threads to use.

Reading alignment file Output/example.phyP2P1P3 ... Phylip format detected
Alignment most likely contains DNA/RNA sequences
Alignment has 14 sequences with 94 columns, 25 distinct patterns
0 parsimony-informative, 0 singleton sites, 94 constant sites
                                Gap/Ambiguity  Composition  p-value
   1  CP03_82_Morpho_aurora            22.34%    passed     70.71%
   2  CP04_86_Morpho_aurora            11.70%    passed     93.46%
   3  CP07_01_Morpho_amphitryon         0.00%    passed     99.55%
   4  CP07_04_Morpho_sulkowskyi         0.00%    passed     99.55%
   5  CP09_56_Caerois_chorinaeus        6.38%    passed     97.10%
   6  NW100_2_Morpho_epistrophus       13.83%    passed     99.07%
   7  NW100_3_Morpho_aega              39.36%    passed     94.17%
   8  NW103_6_Morpho_helenor           37.23%    passed     92.59%
   9  NW109_12_Antirrhea_philoctetes   36.17%    passed     97.16%
  10  NW109_13_Morpho_amathonte        15.96%    passed     99.82%
  11  NW110_11_Morpho_menelaus         15.96%    passed     99.82%
  12  NW110_12_Morpho_hecuba            2.13%    passed     99.48%
  13  NW110_13_Morpho_rhetenor          2.13%    passed     99.48%
  14  NW110_15_Morpho_portis            2.13%    passed     99.48%
****  TOTAL                            14.67%  0 sequences failed composition chi2 test (p-value<5%; df=3)
NOTE: CP07_04_Morpho_sulkowskyi is identical to CP07_01_Morpho_amphitryon but kept for subsequent analysis
NOTE: NW110_11_Morpho_menelaus is identical to NW109_13_Morpho_amathonte but kept for subsequent analysis
NOTE: NW110_13_Morpho_rhetenor is identical to NW110_12_Morpho_hecuba but kept for subsequent analysis
NOTE: 1 identical sequences (see below) will be ignored for subsequent analysis
NOTE: NW110_15_Morpho_portis (identical to NW110_12_Morpho_hecuba) is ignored but added at the end

For your convenience alignment with unique sequences printed to Output/example.phyP2P1P3_AICc.uniqueseq.phy

Reading input tree file Output/example.phy.tree ...
NOTE: ModelFinder requires 0 MB RAM!
ModelFinder will test 4 DNA models (sample size: 94) ...
 No. Model         -LnL         df  AIC          AICc         BIC
  1  JC            130.317      23  306.633      322.404      365.129
  2  F81+F         124.510      26  301.020      321.976      367.146
  3  HKY+F         124.510      27  303.020      325.929      371.689
  4  GTR+F         124.510      31  311.020      343.020      389.862
Akaike Information Criterion:           F81+F
Corrected Akaike Information Criterion: F81+F
Bayesian Information Criterion:         JC
Best-fit model: JC chosen according to BIC

All model information printed to Output/example.phyP2P1P3_AICc.model.gz
CPU time for ModelFinder: 0.004 seconds (0h:0m:0s)
Wall-clock time for ModelFinder: 0.004 seconds (0h:0m:0s)

NOTE: 0 MB RAM (0 GB) is required!
Estimate model parameters (epsilon = 0.500)
1. Initial log-likelihood: -130.317
Optimal log-likelihood: -130.317
Rate parameters:  A-C: 1.00000  A-G: 1.00000  A-T: 1.00000  C-G: 1.00000  C-T: 1.00000  G-T: 1.00000
Base frequencies:  A: 0.250  C: 0.250  G: 0.250  T: 0.250
Parameters optimization took 1 rounds (0.000 sec)
--------------------------------------------------------------------
|             INITIALIZING CANDIDATE TREE SET                      |
--------------------------------------------------------------------

Do NNI search on 1 best initial trees
BETTER TREE FOUND at iteration 1: -130.316
Finish initializing candidate tree set (2)
Current best tree score: -130.316 / CPU time: 0.001
Number of iterations: 1
--------------------------------------------------------------------
|               OPTIMIZING CANDIDATE TREE SET                      |
--------------------------------------------------------------------
BETTER TREE FOUND at iteration 2: -130.316
TREE SEARCH COMPLETED AFTER 2 ITERATIONS / Time: 0h:0m:0s

--------------------------------------------------------------------
|                    FINALIZING TREE SEARCH                        |
--------------------------------------------------------------------
Performs final model parameters optimization
Estimate model parameters (epsilon = 0.050)
1. Initial log-likelihood: -130.316
Optimal log-likelihood: -130.316
Rate parameters:  A-C: 1.00000  A-G: 1.00000  A-T: 1.00000  C-G: 1.00000  C-T: 1.00000  G-T: 1.00000
Base frequencies:  A: 0.250  C: 0.250  G: 0.250  T: 0.250
Parameters optimization took 1 rounds (0.000 sec)
BEST SCORE FOUND : -130.316
Total tree length: 0.000

Total number of iterations: 2
CPU time used for tree search: 0.002 sec (0h:0m:0s)
Wall-clock time used for tree search: 0.002 sec (0h:0m:0s)
Total CPU time used: 0.010 sec (0h:0m:0s)
Total wall-clock time used: 0.010 sec (0h:0m:0s)

Analysis results written to: 
  IQ-TREE report:                Output/example.phyP2P1P3_AICc.iqtree
  Maximum-likelihood tree:       Output/example.phyP2P1P3_AICc.treefile
  Screen log file:               Output/example.phyP2P1P3_AICc.log

Date and Time: Fri Mar  8 11:42:22 2024
