IQ-TREE multicore version 1.6.12 for Linux 64-bit built Aug 15 2019
Developed by Bui Quang Minh, Nguyen Lam Tung, Olga Chernomor,
Heiko Schmidt, Dominik Schrempf, Michael Woodhams.

Host:    flash-GF63-Thin-10SC (AVX2, FMA3, 7 GB RAM)
Command: /home/flash/Downloads/iqtree-1.6.12-Linux/bin/iqtree -s Output/example.phyP2P1P1 -m MFP -fast -mset JC69,F81,HKY,GTR -t Output/example.phy.tree -safe -seed 0 -pre Output/example.phyP2P1P1_AICc
Seed:    0 (Using SPRNG - Scalable Parallel Random Number Generator)
Time:    Fri Mar  8 11:42:22 2024
Kernel:  Safe AVX+FMA - 1 threads (12 CPU cores detected)

HINT: Use -nt option to specify number of threads because your CPU has 12 cores!
HINT: -nt AUTO will automatically determine the best number of threads to use.

Reading alignment file Output/example.phyP2P1P1 ... Phylip format detected
Alignment most likely contains DNA/RNA sequences
Alignment has 14 sequences with 68 columns, 15 distinct patterns
0 parsimony-informative, 0 singleton sites, 68 constant sites
                                Gap/Ambiguity  Composition  p-value
   1  CP03_82_Morpho_aurora            11.76%    passed     65.80%
   2  CP04_86_Morpho_aurora            23.53%    passed     90.72%
   3  CP07_01_Morpho_amphitryon         0.00%    passed     99.14%
   4  CP07_04_Morpho_sulkowskyi         0.00%    passed     99.14%
   5  CP09_56_Caerois_chorinaeus        2.94%    passed     99.34%
   6  NW100_2_Morpho_epistrophus       25.00%    passed     95.54%
   7  NW100_3_Morpho_aega              54.41%    passed     70.24%
   8  NW103_6_Morpho_helenor           54.41%    passed     70.24%
   9  NW109_12_Antirrhea_philoctetes   54.41%    passed     70.24%
  10  NW109_13_Morpho_amathonte        25.00%    passed     95.54%
  11  NW110_11_Morpho_menelaus         25.00%    passed     95.54%
  12  NW110_12_Morpho_hecuba            1.47%    passed     97.88%
  13  NW110_13_Morpho_rhetenor          1.47%    passed     97.88%
  14  NW110_15_Morpho_portis            1.47%    passed     97.88%
WARNING: 3 sequences contain more than 50% gaps/ambiguity
****  TOTAL                            20.06%  0 sequences failed composition chi2 test (p-value<5%; df=3)
NOTE: CP07_04_Morpho_sulkowskyi is identical to CP07_01_Morpho_amphitryon but kept for subsequent analysis
NOTE: NW109_13_Morpho_amathonte is identical to NW100_2_Morpho_epistrophus but kept for subsequent analysis
NOTE: NW103_6_Morpho_helenor is identical to NW100_3_Morpho_aega but kept for subsequent analysis
NOTE: NW110_13_Morpho_rhetenor is identical to NW110_12_Morpho_hecuba but kept for subsequent analysis
NOTE: 3 identical sequences (see below) will be ignored for subsequent analysis
NOTE: NW110_11_Morpho_menelaus (identical to NW100_2_Morpho_epistrophus) is ignored but added at the end
NOTE: NW109_12_Antirrhea_philoctetes (identical to NW100_3_Morpho_aega) is ignored but added at the end
NOTE: NW110_15_Morpho_portis (identical to NW110_12_Morpho_hecuba) is ignored but added at the end

For your convenience alignment with unique sequences printed to Output/example.phyP2P1P1_AICc.uniqueseq.phy

Reading input tree file Output/example.phy.tree ...
NOTE: ModelFinder requires 0 MB RAM!
ModelFinder will test 4 DNA models (sample size: 68) ...
 No. Model         -LnL         df  AIC          AICc         BIC
  1  JC            94.271       19  226.542      242.375      268.712
  2  F81+F         86.555       22  217.111      239.599      265.940
  3  HKY+F         86.555       23  219.111      244.201      270.159
  4  GTR+F         86.555       27  227.111      264.911      287.037
Akaike Information Criterion:           F81+F
Corrected Akaike Information Criterion: F81+F
Bayesian Information Criterion:         F81+F
Best-fit model: F81+F chosen according to BIC

All model information printed to Output/example.phyP2P1P1_AICc.model.gz
CPU time for ModelFinder: 0.003 seconds (0h:0m:0s)
Wall-clock time for ModelFinder: 0.003 seconds (0h:0m:0s)

NOTE: 0 MB RAM (0 GB) is required!
Estimate model parameters (epsilon = 0.500)
1. Initial log-likelihood: -86.555
Optimal log-likelihood: -86.555
Rate parameters:  A-C: 1.00000  A-G: 1.00000  A-T: 1.00000  C-G: 1.00000  C-T: 1.00000  G-T: 1.00000
Base frequencies:  A: 0.353  C: 0.074  G: 0.288  T: 0.286
Parameters optimization took 1 rounds (0.000 sec)
--------------------------------------------------------------------
|             INITIALIZING CANDIDATE TREE SET                      |
--------------------------------------------------------------------

Do NNI search on 1 best initial trees
BETTER TREE FOUND at iteration 1: -86.555
Finish initializing candidate tree set (2)
Current best tree score: -86.555 / CPU time: 0.001
Number of iterations: 1
--------------------------------------------------------------------
|               OPTIMIZING CANDIDATE TREE SET                      |
--------------------------------------------------------------------
BETTER TREE FOUND at iteration 2: -86.555
TREE SEARCH COMPLETED AFTER 2 ITERATIONS / Time: 0h:0m:0s

--------------------------------------------------------------------
|                    FINALIZING TREE SEARCH                        |
--------------------------------------------------------------------
Performs final model parameters optimization
Estimate model parameters (epsilon = 0.050)
1. Initial log-likelihood: -86.555
Optimal log-likelihood: -86.555
Rate parameters:  A-C: 1.00000  A-G: 1.00000  A-T: 1.00000  C-G: 1.00000  C-T: 1.00000  G-T: 1.00000
Base frequencies:  A: 0.353  C: 0.074  G: 0.288  T: 0.286
Parameters optimization took 1 rounds (0.000 sec)
BEST SCORE FOUND : -86.555
Total tree length: 0.000

Total number of iterations: 2
CPU time used for tree search: 0.002 sec (0h:0m:0s)
Wall-clock time used for tree search: 0.002 sec (0h:0m:0s)
Total CPU time used: 0.009 sec (0h:0m:0s)
Total wall-clock time used: 0.010 sec (0h:0m:0s)

Analysis results written to: 
  IQ-TREE report:                Output/example.phyP2P1P1_AICc.iqtree
  Maximum-likelihood tree:       Output/example.phyP2P1P1_AICc.treefile
  Screen log file:               Output/example.phyP2P1P1_AICc.log

Date and Time: Fri Mar  8 11:42:22 2024
